  [1m[35m (28.7ms)[0m  [1m[35mCREATE TABLE "ar_internal_metadata" ("key" character varying NOT NULL PRIMARY KEY, "value" character varying, "created_at" timestamp(6) NOT NULL, "updated_at" timestamp(6) NOT NULL)[0m
  [1m[36mActiveRecord::InternalMetadata Load (1.4ms)[0m  [1m[34mSELECT "ar_internal_metadata".* FROM "ar_internal_metadata" WHERE "ar_internal_metadata"."key" = $1 LIMIT $2[0m  [["key", "environment"], ["LIMIT", 1]]
  [1m[36mTRANSACTION (0.6ms)[0m  [1m[35mBEGIN[0m
  [1m[36mActiveRecord::InternalMetadata Create (2.0ms)[0m  [1m[32mINSERT INTO "ar_internal_metadata" ("key", "value", "created_at", "updated_at") VALUES ($1, $2, $3, $4) RETURNING "key"[0m  [["key", "environment"], ["value", "development"], ["created_at", "2022-08-19 14:34:02.930579"], ["updated_at", "2022-08-19 14:34:02.930579"]]
  [1m[36mTRANSACTION (4.2ms)[0m  [1m[35mCOMMIT[0m
  [1m[35m (32.4ms)[0m  [1m[35mCREATE TABLE "schema_migrations" ("version" character varying NOT NULL PRIMARY KEY)[0m
  [1m[35m (0.9ms)[0m  [1m[34mSELECT pg_try_advisory_lock(3205495034311691940)[0m
  [1m[36mActiveRecord::SchemaMigration Pluck (1.5ms)[0m  [1m[34mSELECT "schema_migrations"."version" FROM "schema_migrations" ORDER BY "schema_migrations"."version" ASC[0m
  [1m[36mActiveRecord::InternalMetadata Load (1.6ms)[0m  [1m[34mSELECT "ar_internal_metadata".* FROM "ar_internal_metadata" WHERE "ar_internal_metadata"."key" = $1 LIMIT $2[0m  [["key", "environment"], ["LIMIT", 1]]
  [1m[35m (0.8ms)[0m  [1m[34mSELECT pg_advisory_unlock(3205495034311691940)[0m
  [1m[36mActiveRecord::SchemaMigration Pluck (1.9ms)[0m  [1m[34mSELECT "schema_migrations"."version" FROM "schema_migrations" ORDER BY "schema_migrations"."version" ASC[0m
  [1m[36mActiveRecord::SchemaMigration Pluck (1.7ms)[0m  [1m[34mSELECT "schema_migrations"."version" FROM "schema_migrations" ORDER BY "schema_migrations"."version" ASC[0m
  [1m[36mActiveRecord::InternalMetadata Load (1.2ms)[0m  [1m[34mSELECT "ar_internal_metadata".* FROM "ar_internal_metadata" WHERE "ar_internal_metadata"."key" = $1 LIMIT $2[0m  [["key", "environment"], ["LIMIT", 1]]
  [1m[35m (0.5ms)[0m  [1m[34mSELECT pg_try_advisory_lock(3205495034311691940)[0m
  [1m[36mActiveRecord::SchemaMigration Pluck (1.7ms)[0m  [1m[34mSELECT "schema_migrations"."version" FROM "schema_migrations" ORDER BY "schema_migrations"."version" ASC[0m
  [1m[36mActiveRecord::InternalMetadata Load (1.2ms)[0m  [1m[34mSELECT "ar_internal_metadata".* FROM "ar_internal_metadata" WHERE "ar_internal_metadata"."key" = $1 LIMIT $2[0m  [["key", "environment"], ["LIMIT", 1]]
  [1m[35m (1.0ms)[0m  [1m[34mSELECT pg_advisory_unlock(3205495034311691940)[0m
  [1m[36mActiveRecord::SchemaMigration Pluck (1.6ms)[0m  [1m[34mSELECT "schema_migrations"."version" FROM "schema_migrations" ORDER BY "schema_migrations"."version" ASC[0m
  [1m[36mActiveRecord::SchemaMigration Pluck (2.1ms)[0m  [1m[34mSELECT "schema_migrations"."version" FROM "schema_migrations" ORDER BY "schema_migrations"."version" ASC[0m
  [1m[36mActiveRecord::InternalMetadata Load (1.4ms)[0m  [1m[34mSELECT "ar_internal_metadata".* FROM "ar_internal_metadata" WHERE "ar_internal_metadata"."key" = $1 LIMIT $2[0m  [["key", "environment"], ["LIMIT", 1]]
  [1m[35m (0.4ms)[0m  [1m[34mSELECT pg_try_advisory_lock(3205495034311691940)[0m
  [1m[36mActiveRecord::SchemaMigration Pluck (2.0ms)[0m  [1m[34mSELECT "schema_migrations"."version" FROM "schema_migrations" ORDER BY "schema_migrations"."version" ASC[0m
  [1m[36mActiveRecord::InternalMetadata Load (1.5ms)[0m  [1m[34mSELECT "ar_internal_metadata".* FROM "ar_internal_metadata" WHERE "ar_internal_metadata"."key" = $1 LIMIT $2[0m  [["key", "environment"], ["LIMIT", 1]]
  [1m[35m (0.9ms)[0m  [1m[34mSELECT pg_advisory_unlock(3205495034311691940)[0m
  [1m[36mActiveRecord::SchemaMigration Pluck (1.2ms)[0m  [1m[34mSELECT "schema_migrations"."version" FROM "schema_migrations" ORDER BY "schema_migrations"."version" ASC[0m
  [1m[36mActiveRecord::SchemaMigration Pluck (1.6ms)[0m  [1m[34mSELECT "schema_migrations"."version" FROM "schema_migrations" ORDER BY "schema_migrations"."version" ASC[0m
Started GET "/asd" for 172.20.0.1 at 2022-08-19 14:48:26 +0000
  [1m[36mActiveRecord::SchemaMigration Pluck (1.7ms)[0m  [1m[34mSELECT "schema_migrations"."version" FROM "schema_migrations" ORDER BY "schema_migrations"."version" ASC[0m
  
ActionController::RoutingError (No route matches [GET] "/asd"):
  
Started GET "/favicon.ico" for 172.20.0.1 at 2022-08-19 14:48:28 +0000
  
ActionController::RoutingError (No route matches [GET] "/favicon.ico"):
  
  [1m[35m (2.6ms)[0m  [1m[34mSELECT pg_try_advisory_lock(3205495034311691940)[0m
  [1m[36mActiveRecord::SchemaMigration Pluck (2.8ms)[0m  [1m[34mSELECT "schema_migrations"."version" FROM "schema_migrations" ORDER BY "schema_migrations"."version" ASC[0m
Migrating to CreateUrls (20220819152611)
  [1m[36mTRANSACTION (1.7ms)[0m  [1m[35mBEGIN[0m
  [1m[35m (18.0ms)[0m  [1m[35mCREATE TABLE "urls" ("id" bigserial primary key, "url" character varying, "created_at" timestamp(6) NOT NULL, "updated_at" timestamp(6) NOT NULL)[0m
  [1m[36mActiveRecord::SchemaMigration Create (2.0ms)[0m  [1m[32mINSERT INTO "schema_migrations" ("version") VALUES ($1) RETURNING "version"[0m  [["version", "20220819152611"]]
  [1m[36mTRANSACTION (4.3ms)[0m  [1m[35mCOMMIT[0m
  [1m[36mActiveRecord::InternalMetadata Load (1.8ms)[0m  [1m[34mSELECT "ar_internal_metadata".* FROM "ar_internal_metadata" WHERE "ar_internal_metadata"."key" = $1 LIMIT $2[0m  [["key", "environment"], ["LIMIT", 1]]
  [1m[35m (1.6ms)[0m  [1m[34mSELECT pg_advisory_unlock(3205495034311691940)[0m
  [1m[36mActiveRecord::SchemaMigration Pluck (4.5ms)[0m  [1m[34mSELECT "schema_migrations"."version" FROM "schema_migrations" ORDER BY "schema_migrations"."version" ASC[0m
  [1m[36mActiveRecord::SchemaMigration Pluck (3.7ms)[0m  [1m[34mSELECT "schema_migrations"."version" FROM "schema_migrations" ORDER BY "schema_migrations"."version" ASC[0m
  [1m[36mActiveRecord::SchemaMigration Pluck (2.8ms)[0m  [1m[34mSELECT "schema_migrations"."version" FROM "schema_migrations" ORDER BY "schema_migrations"."version" ASC[0m
  [1m[36mActiveRecord::SchemaMigration Pluck (2.3ms)[0m  [1m[34mSELECT "schema_migrations"."version" FROM "schema_migrations" ORDER BY "schema_migrations"."version" ASC[0m
  [1m[35m (2.9ms)[0m  [1m[34mSELECT pg_try_advisory_lock(3205495034311691940)[0m
  [1m[36mActiveRecord::SchemaMigration Pluck (2.8ms)[0m  [1m[34mSELECT "schema_migrations"."version" FROM "schema_migrations" ORDER BY "schema_migrations"."version" ASC[0m
Migrating to CreateUrls (20220819152611)
  [1m[36mTRANSACTION (2.3ms)[0m  [1m[35mBEGIN[0m
  [1m[35m (8.1ms)[0m  [1m[35mDROP TABLE "urls"[0m
  [1m[36mActiveRecord::SchemaMigration Delete All (3.0ms)[0m  [1m[31mDELETE FROM "schema_migrations" WHERE "schema_migrations"."version" = $1[0m  [["version", "20220819152611"]]
  [1m[36mTRANSACTION (8.4ms)[0m  [1m[35mCOMMIT[0m
  [1m[35m (2.6ms)[0m  [1m[34mSELECT pg_advisory_unlock(3205495034311691940)[0m
  [1m[36mActiveRecord::SchemaMigration Pluck (4.2ms)[0m  [1m[34mSELECT "schema_migrations"."version" FROM "schema_migrations" ORDER BY "schema_migrations"."version" ASC[0m
  [1m[35m (2.9ms)[0m  [1m[34mSELECT pg_try_advisory_lock(3205495034311691940)[0m
  [1m[36mActiveRecord::SchemaMigration Pluck (4.4ms)[0m  [1m[34mSELECT "schema_migrations"."version" FROM "schema_migrations" ORDER BY "schema_migrations"."version" ASC[0m
Migrating to CreateShortenUrls (20220819152611)
  [1m[36mTRANSACTION (2.5ms)[0m  [1m[35mBEGIN[0m
  [1m[35m (23.4ms)[0m  [1m[35mCREATE TABLE "shorten_urls" ("id" bigserial primary key, "url" character varying, "created_at" timestamp(6) NOT NULL, "updated_at" timestamp(6) NOT NULL)[0m
  [1m[36mActiveRecord::SchemaMigration Create (3.1ms)[0m  [1m[32mINSERT INTO "schema_migrations" ("version") VALUES ($1) RETURNING "version"[0m  [["version", "20220819152611"]]
  [1m[36mTRANSACTION (6.1ms)[0m  [1m[35mCOMMIT[0m
  [1m[36mActiveRecord::InternalMetadata Load (3.3ms)[0m  [1m[34mSELECT "ar_internal_metadata".* FROM "ar_internal_metadata" WHERE "ar_internal_metadata"."key" = $1 LIMIT $2[0m  [["key", "environment"], ["LIMIT", 1]]
  [1m[35m (3.1ms)[0m  [1m[34mSELECT pg_advisory_unlock(3205495034311691940)[0m
  [1m[36mActiveRecord::SchemaMigration Pluck (5.1ms)[0m  [1m[34mSELECT "schema_migrations"."version" FROM "schema_migrations" ORDER BY "schema_migrations"."version" ASC[0m
  [1m[36mActiveRecord::SchemaMigration Pluck (4.4ms)[0m  [1m[34mSELECT "schema_migrations"."version" FROM "schema_migrations" ORDER BY "schema_migrations"."version" ASC[0m
  [1m[36mActiveRecord::SchemaMigration Pluck (3.3ms)[0m  [1m[34mSELECT "schema_migrations"."version" FROM "schema_migrations" ORDER BY "schema_migrations"."version" ASC[0m
  [1m[36mActiveRecord::SchemaMigration Pluck (2.6ms)[0m  [1m[34mSELECT "schema_migrations"."version" FROM "schema_migrations" ORDER BY "schema_migrations"."version" ASC[0m
  [1m[35m (3.0ms)[0m  [1m[34mSELECT pg_try_advisory_lock(3205495034311691940)[0m
  [1m[36mActiveRecord::SchemaMigration Pluck (3.1ms)[0m  [1m[34mSELECT "schema_migrations"."version" FROM "schema_migrations" ORDER BY "schema_migrations"."version" ASC[0m
Migrating to CreateShortenUrls (20220819152611)
  [1m[36mTRANSACTION (3.2ms)[0m  [1m[35mBEGIN[0m
  [1m[35m (8.2ms)[0m  [1m[35mDROP TABLE "shorten_urls"[0m
  [1m[36mActiveRecord::SchemaMigration Delete All (3.8ms)[0m  [1m[31mDELETE FROM "schema_migrations" WHERE "schema_migrations"."version" = $1[0m  [["version", "20220819152611"]]
  [1m[36mTRANSACTION (14.8ms)[0m  [1m[35mCOMMIT[0m
  [1m[35m (3.3ms)[0m  [1m[34mSELECT pg_advisory_unlock(3205495034311691940)[0m
  [1m[36mActiveRecord::SchemaMigration Pluck (4.2ms)[0m  [1m[34mSELECT "schema_migrations"."version" FROM "schema_migrations" ORDER BY "schema_migrations"."version" ASC[0m
  [1m[35m (2.9ms)[0m  [1m[34mSELECT pg_try_advisory_lock(3205495034311691940)[0m
  [1m[36mActiveRecord::SchemaMigration Pluck (5.1ms)[0m  [1m[34mSELECT "schema_migrations"."version" FROM "schema_migrations" ORDER BY "schema_migrations"."version" ASC[0m
Migrating to CreateUrls (20220819152611)
  [1m[36mTRANSACTION (2.8ms)[0m  [1m[35mBEGIN[0m
  [1m[35m (26.9ms)[0m  [1m[35mCREATE TABLE "urls" ("id" bigserial primary key, "url" character varying, "created_at" timestamp(6) NOT NULL, "updated_at" timestamp(6) NOT NULL)[0m
  [1m[36mActiveRecord::SchemaMigration Create (2.9ms)[0m  [1m[32mINSERT INTO "schema_migrations" ("version") VALUES ($1) RETURNING "version"[0m  [["version", "20220819152611"]]
  [1m[36mTRANSACTION (5.2ms)[0m  [1m[35mCOMMIT[0m
  [1m[36mActiveRecord::InternalMetadata Load (2.7ms)[0m  [1m[34mSELECT "ar_internal_metadata".* FROM "ar_internal_metadata" WHERE "ar_internal_metadata"."key" = $1 LIMIT $2[0m  [["key", "environment"], ["LIMIT", 1]]
  [1m[35m (2.4ms)[0m  [1m[34mSELECT pg_advisory_unlock(3205495034311691940)[0m
  [1m[36mActiveRecord::SchemaMigration Pluck (3.8ms)[0m  [1m[34mSELECT "schema_migrations"."version" FROM "schema_migrations" ORDER BY "schema_migrations"."version" ASC[0m
Started POST "/api/v1/encode" for 127.0.0.1 at 2022-08-19 22:37:17 +0700
  [1m[36mActiveRecord::SchemaMigration Pluck (4.7ms)[0m  [1m[34mSELECT "schema_migrations"."version" FROM "schema_migrations" ORDER BY "schema_migrations"."version" ASC[0m
  
NoMethodError (undefined method `layout' for Api::ApiController:Class

    layout 'api'
    ^^^^^^):
  
app/controllers/api/api_controller.rb:3:in `<class:ApiController>'
app/controllers/api/api_controller.rb:2:in `<module:Api>'
app/controllers/api/api_controller.rb:1:in `<main>'
app/controllers/api/v1/urls_controller.rb:3:in `<module:V1>'
app/controllers/api/v1/urls_controller.rb:2:in `<module:Api>'
app/controllers/api/v1/urls_controller.rb:1:in `<main>'
Started POST "/api/v1/encode" for 127.0.0.1 at 2022-08-19 22:38:36 +0700
Processing by Api::V1::UrlsController#encode as JSON
Completed 500 Internal Server Error in 117ms (ActiveRecord: 21.2ms | Allocations: 7153)


  
ArgumentError (wrong number of arguments (given 2, expected 1)):
  
app/controllers/concerns/exception_handler.rb:57:in `render_error'
app/controllers/concerns/exception_handler.rb:28:in `unprocessable_record'
Started POST "/api/v1/encode" for 127.0.0.1 at 2022-08-19 22:38:52 +0700
Processing by Api::V1::UrlsController#encode as JSON
Completed 500 Internal Server Error in 6ms (ActiveRecord: 0.0ms | Allocations: 507)


  
ArgumentError (wrong number of arguments (given 2, expected 1)):
  
app/controllers/concerns/exception_handler.rb:57:in `render_error'
app/controllers/concerns/exception_handler.rb:28:in `unprocessable_record'
Started POST "/api/v1/encode" for 127.0.0.1 at 2022-08-19 22:41:23 +0700
Processing by Api::V1::UrlsController#encode as JSON
Completed 500 Internal Server Error in 230ms (ActiveRecord: 18.8ms | Allocations: 7094)


  
ActionView::MissingTemplate (Missing template api/v1/urls/encode, api/api/encode, application/encode with {:locale=>[:en], :formats=>[:json], :variants=>[], :handlers=>[:raw, :erb, :html, :builder, :ruby]}.

Searched in:
  * "C:/Users/NC/Documents/Projects/oivan/oivan_api/app/views"
  * "C:/Ruby31-x64/lib/ruby/gems/3.1.0/gems/actiontext-7.0.3.1/app/views"
  * "C:/Ruby31-x64/lib/ruby/gems/3.1.0/gems/actionmailbox-7.0.3.1/app/views"
):
  
app/controllers/concerns/exception_handler.rb:58:in `render_error'
app/controllers/concerns/exception_handler.rb:28:in `unprocessable_record'
Started POST "/api/v1/encode" for 127.0.0.1 at 2022-08-19 22:41:42 +0700
Processing by Api::V1::UrlsController#encode as JSON
Completed 500 Internal Server Error in 36ms (ActiveRecord: 0.0ms | Allocations: 1702)


  
ActionView::MissingTemplate (Missing template api/v1/urls/encode, api/api/encode, application/encode with {:locale=>[:en], :formats=>[:json], :variants=>[], :handlers=>[:raw, :erb, :html, :builder, :ruby]}.

Searched in:
  * "C:/Users/NC/Documents/Projects/oivan/oivan_api/app/views"
  * "C:/Ruby31-x64/lib/ruby/gems/3.1.0/gems/actiontext-7.0.3.1/app/views"
  * "C:/Ruby31-x64/lib/ruby/gems/3.1.0/gems/actionmailbox-7.0.3.1/app/views"
):
  
app/controllers/concerns/exception_handler.rb:58:in `render_error'
app/controllers/concerns/exception_handler.rb:28:in `unprocessable_record'
Started POST "/api/v1/encode" for 127.0.0.1 at 2022-08-19 22:42:46 +0700
Processing by Api::V1::UrlsController#encode as JSON
  Parameters: {"url"=>{}}
Completed 500 Internal Server Error in 20ms (ActiveRecord: 0.0ms | Allocations: 1187)


  
ActionView::MissingTemplate (Missing template api/v1/urls/encode, api/api/encode, application/encode with {:locale=>[:en], :formats=>[:json], :variants=>[], :handlers=>[:raw, :erb, :html, :builder, :ruby]}.

Searched in:
  * "C:/Users/NC/Documents/Projects/oivan/oivan_api/app/views"
  * "C:/Ruby31-x64/lib/ruby/gems/3.1.0/gems/actiontext-7.0.3.1/app/views"
  * "C:/Ruby31-x64/lib/ruby/gems/3.1.0/gems/actionmailbox-7.0.3.1/app/views"
):
  
app/controllers/concerns/exception_handler.rb:58:in `render_error'
app/controllers/concerns/exception_handler.rb:28:in `unprocessable_record'
Started POST "/api/v1/encode" for 127.0.0.1 at 2022-08-19 22:43:12 +0700
Processing by Api::V1::UrlsController#encode as JSON
  Parameters: {"url"=>{}}
  Rendering layout layouts/api.json.erb
  Rendering api/v1/urls/encode.json.erb within layouts/api
  Rendered api/v1/urls/encode.json.erb within layouts/api (Duration: 164.3ms | Allocations: 3071)
  Rendered layout layouts/api.json.erb (Duration: 167.1ms | Allocations: 3370)
Completed 422 Unprocessable Entity in 183ms (Views: 177.7ms | ActiveRecord: 0.0ms | Allocations: 4604)


Started POST "/api/v1/encode" for 127.0.0.1 at 2022-08-19 22:44:29 +0700
  
NoMethodError (undefined method `respond_to' for ApplicationController:Class

  respond_to :json
  ^^^^^^^^^^
Did you mean?  respond_to?):
  
app/controllers/application_controller.rb:3:in `<class:ApplicationController>'
app/controllers/application_controller.rb:1:in `<main>'
app/controllers/api/api_controller.rb:2:in `<module:Api>'
app/controllers/api/api_controller.rb:1:in `<main>'
app/controllers/api/v1/urls_controller.rb:3:in `<module:V1>'
app/controllers/api/v1/urls_controller.rb:2:in `<module:Api>'
app/controllers/api/v1/urls_controller.rb:1:in `<main>'
Started POST "/api/v1/encode" for 127.0.0.1 at 2022-08-19 22:45:12 +0700
  
NoMethodError (undefined method `respond_to' for ApplicationController:Class

  respond_to :json
  ^^^^^^^^^^
Did you mean?  respond_to?):
  
app/controllers/application_controller.rb:4:in `<class:ApplicationController>'
app/controllers/application_controller.rb:1:in `<main>'
app/controllers/api/api_controller.rb:2:in `<module:Api>'
app/controllers/api/api_controller.rb:1:in `<main>'
app/controllers/api/v1/urls_controller.rb:3:in `<module:V1>'
app/controllers/api/v1/urls_controller.rb:2:in `<module:Api>'
app/controllers/api/v1/urls_controller.rb:1:in `<main>'
Started POST "/api/v1/encode" for 127.0.0.1 at 2022-08-19 22:45:17 +0700
  
NoMethodError (undefined method `respond_to' for ApplicationController:Class

  respond_to :json
  ^^^^^^^^^^
Did you mean?  respond_to?):
  
app/controllers/application_controller.rb:4:in `<class:ApplicationController>'
app/controllers/application_controller.rb:1:in `<main>'
app/controllers/api/api_controller.rb:2:in `<module:Api>'
app/controllers/api/api_controller.rb:1:in `<main>'
app/controllers/api/v1/urls_controller.rb:3:in `<module:V1>'
app/controllers/api/v1/urls_controller.rb:2:in `<module:Api>'
app/controllers/api/v1/urls_controller.rb:1:in `<main>'
Started POST "/api/v1/encode" for 127.0.0.1 at 2022-08-19 22:45:31 +0700
  [1m[36mActiveRecord::SchemaMigration Pluck (4.3ms)[0m  [1m[34mSELECT "schema_migrations"."version" FROM "schema_migrations" ORDER BY "schema_migrations"."version" ASC[0m
  
NoMethodError (undefined method `respond_to' for ApplicationController:Class

  respond_to :json
  ^^^^^^^^^^
Did you mean?  respond_to?):
  
app/controllers/application_controller.rb:4:in `<class:ApplicationController>'
app/controllers/application_controller.rb:1:in `<main>'
app/controllers/api/api_controller.rb:2:in `<module:Api>'
app/controllers/api/api_controller.rb:1:in `<main>'
app/controllers/api/v1/urls_controller.rb:3:in `<module:V1>'
app/controllers/api/v1/urls_controller.rb:2:in `<module:Api>'
app/controllers/api/v1/urls_controller.rb:1:in `<main>'
Started POST "/api/v1/encode" for 127.0.0.1 at 2022-08-19 22:46:34 +0700
  
NoMethodError (undefined method `respond_to' for ApplicationController:Class

  respond_to :json
  ^^^^^^^^^^
Did you mean?  respond_to?):
  
app/controllers/application_controller.rb:4:in `<class:ApplicationController>'
app/controllers/application_controller.rb:1:in `<main>'
app/controllers/api/api_controller.rb:2:in `<module:Api>'
app/controllers/api/api_controller.rb:1:in `<main>'
app/controllers/api/v1/urls_controller.rb:3:in `<module:V1>'
app/controllers/api/v1/urls_controller.rb:2:in `<module:Api>'
app/controllers/api/v1/urls_controller.rb:1:in `<main>'
Started POST "/api/v1/encode" for 127.0.0.1 at 2022-08-19 22:46:38 +0700
Processing by Api::V1::UrlsController#encode as JSON
  Parameters: {"url"=>{}}
Completed 500 Internal Server Error in 75ms (ActiveRecord: 22.1ms | Allocations: 7190)


  
ActionView::MissingTemplate (Missing template api/v1/urls/encode, api/api/encode, application/encode with {:locale=>[:en], :formats=>[:json], :variants=>[], :handlers=>[:raw, :erb, :html, :builder, :ruby]}.

Searched in:
  * "C:/Users/NC/Documents/Projects/oivan/oivan_api/app/views"
  * "C:/Ruby31-x64/lib/ruby/gems/3.1.0/gems/actiontext-7.0.3.1/app/views"
  * "C:/Ruby31-x64/lib/ruby/gems/3.1.0/gems/actionmailbox-7.0.3.1/app/views"
):
  
app/controllers/concerns/exception_handler.rb:58:in `render_error'
app/controllers/concerns/exception_handler.rb:28:in `unprocessable_record'
Started POST "/api/v1/encode" for 127.0.0.1 at 2022-08-19 22:50:08 +0700
Processing by Api::V1::UrlsController#encode as JSON
Completed 500 Internal Server Error in 22ms (ActiveRecord: 0.0ms | Allocations: 1178)


  
ActionView::MissingTemplate (Missing template api/v1/urls/encode, api/api/encode, application/encode with {:locale=>[:en], :formats=>[:json], :variants=>[], :handlers=>[:raw, :erb, :html, :builder, :ruby]}.

Searched in:
  * "C:/Users/NC/Documents/Projects/oivan/oivan_api/app/views"
  * "C:/Ruby31-x64/lib/ruby/gems/3.1.0/gems/actiontext-7.0.3.1/app/views"
  * "C:/Ruby31-x64/lib/ruby/gems/3.1.0/gems/actionmailbox-7.0.3.1/app/views"
):
  
app/controllers/concerns/exception_handler.rb:58:in `render_error'
app/controllers/concerns/exception_handler.rb:28:in `unprocessable_record'
Started POST "/api/v1/encode" for 127.0.0.1 at 2022-08-19 22:50:25 +0700
Processing by Api::V1::UrlsController#encode as */*
Completed 500 Internal Server Error in 45ms (ActiveRecord: 16.9ms | Allocations: 3759)


  
ActionView::MissingTemplate (Missing template api/v1/urls/encode, api/api/encode, application/encode with {:locale=>[:en], :formats=>[:html, :text, :js, :css, :ics, :csv, :vcf, :vtt, :png, :jpeg, :gif, :bmp, :tiff, :svg, :mpeg, :mp3, :ogg, :m4a, :webm, :mp4, :otf, :ttf, :woff, :woff2, :xml, :rss, :atom, :yaml, :multipart_form, :url_encoded_form, :json, :pdf, :zip, :gzip], :variants=>[], :handlers=>[:raw, :erb, :html, :builder, :ruby]}.

Searched in:
  * "C:/Users/NC/Documents/Projects/oivan/oivan_api/app/views"
  * "C:/Ruby31-x64/lib/ruby/gems/3.1.0/gems/actiontext-7.0.3.1/app/views"
  * "C:/Ruby31-x64/lib/ruby/gems/3.1.0/gems/actionmailbox-7.0.3.1/app/views"
):
  
app/controllers/concerns/exception_handler.rb:58:in `render_error'
app/controllers/concerns/exception_handler.rb:28:in `unprocessable_record'
Started POST "/api/v1/encode" for 127.0.0.1 at 2022-08-19 22:51:43 +0700
  [1m[36mActiveRecord::SchemaMigration Pluck (4.8ms)[0m  [1m[34mSELECT "schema_migrations"."version" FROM "schema_migrations" ORDER BY "schema_migrations"."version" ASC[0m
  
NoMethodError (undefined method `layout' for Api::ApiController:Class

    layout 'api'
    ^^^^^^):
  
app/controllers/api/api_controller.rb:3:in `<class:ApiController>'
app/controllers/api/api_controller.rb:2:in `<module:Api>'
app/controllers/api/api_controller.rb:1:in `<main>'
app/controllers/api/v1/urls_controller.rb:3:in `<module:V1>'
app/controllers/api/v1/urls_controller.rb:2:in `<module:Api>'
app/controllers/api/v1/urls_controller.rb:1:in `<main>'
Started POST "/api/v1/encode" for 127.0.0.1 at 2022-08-19 22:51:52 +0700
Processing by Api::V1::UrlsController#encode as JSON
Completed 422 Unprocessable Entity in 47ms (Views: 0.3ms | ActiveRecord: 21.3ms | Allocations: 5979)


Started POST "/api/v1/encode" for 127.0.0.1 at 2022-08-19 22:52:05 +0700
Processing by Api::V1::UrlsController#encode as JSON
Completed 422 Unprocessable Entity in 4ms (Views: 0.2ms | ActiveRecord: 0.0ms | Allocations: 531)


Started POST "/api/v1/encode" for 127.0.0.1 at 2022-08-19 22:52:26 +0700
Processing by Api::V1::UrlsController#encode as JSON
  Parameters: {"url"=>"http://"}
Completed 422 Unprocessable Entity in 6ms (Views: 0.2ms | ActiveRecord: 0.0ms | Allocations: 568)


Started POST "/api/v1/encode" for 127.0.0.1 at 2022-08-19 22:52:32 +0700
Processing by Api::V1::UrlsController#encode as JSON
  Parameters: {"url"=>"http://google.com.vn"}
  [1m[36mTRANSACTION (3.3ms)[0m  [1m[35mBEGIN[0m
  ↳ app/controllers/api/v1/urls_controller.rb:5:in `encode'
  [1m[36mUrl Create (4.0ms)[0m  [1m[32mINSERT INTO "urls" ("url", "created_at", "updated_at") VALUES ($1, $2, $3) RETURNING "id"[0m  [["url", "http://google.com.vn"], ["created_at", "2022-08-19 15:52:32.420118"], ["updated_at", "2022-08-19 15:52:32.420118"]]
  ↳ app/controllers/api/v1/urls_controller.rb:5:in `encode'
  [1m[36mTRANSACTION (9.9ms)[0m  [1m[35mCOMMIT[0m
  ↳ app/controllers/api/v1/urls_controller.rb:5:in `encode'
  Rendering layout layouts/api.json.erb
  Rendering api/v1/urls/encode.json.jbuilder within layouts/api
  Rendered api/v1/urls/encode.json.jbuilder within layouts/api (Duration: 4.5ms | Allocations: 602)
  Rendered layout layouts/api.json.erb (Duration: 7.7ms | Allocations: 951)
Completed 200 OK in 224ms (Views: 19.5ms | ActiveRecord: 17.2ms | Allocations: 8418)


Started GET "/api/v1/decode?key=eR" for 127.0.0.1 at 2022-08-19 22:54:25 +0700
Processing by Api::V1::UrlsController#decode as JSON
  Parameters: {"url"=>"http://google.com.vn", "key"=>"eR"}
  Rendering layout layouts/api.json.erb
  Rendering api/v1/urls/decode.json.jbuilder within layouts/api
  Rendered api/v1/urls/decode.json.jbuilder within layouts/api (Duration: 1.3ms | Allocations: 181)
  Rendered layout layouts/api.json.erb (Duration: 2.8ms | Allocations: 295)
Completed 200 OK in 6ms (Views: 4.5ms | ActiveRecord: 0.0ms | Allocations: 663)


Started GET "/api/v1/decode?key=eR" for 127.0.0.1 at 2022-08-19 22:54:53 +0700
Processing by Api::V1::UrlsController#decode as JSON
  Parameters: {"url"=>"http://google.com.vn", "key"=>"eR"}
  Rendering layout layouts/api.json.erb
  Rendering api/v1/urls/decode.json.jbuilder within layouts/api
  Rendered api/v1/urls/decode.json.jbuilder within layouts/api (Duration: 8.5ms | Allocations: 1695)
  Rendered layout layouts/api.json.erb (Duration: 9.9ms | Allocations: 1802)
Completed 500 Internal Server Error in 20ms (ActiveRecord: 0.0ms | Allocations: 2523)


  
ActionView::Template::Error (undefined method `id' for nil:NilClass

            @virtual_path = "api/v1/urls/decode";;__already_defined = defined?(json); json||=JbuilderTemplate.new(self); json.id @url.id
                                                                                                                                     ^^^):
    1: json.id @url.id
    2: json.url @url.url
    3: json.short_url @url.short_url
    4: json.created_at @url.created_at
  
app/views/api/v1/urls/decode.json.jbuilder:1
Started GET "/api/v1/decode?key=eR" for 127.0.0.1 at 2022-08-19 22:55:41 +0700
Processing by Api::V1::UrlsController#decode as JSON
  Parameters: {"url"=>"http://google.com.vn", "key"=>"eR"}
  [1m[36mUrl Load (3.0ms)[0m  [1m[34mSELECT "urls".* FROM "urls" WHERE "urls"."id" = $1 LIMIT $2[0m  [["id", 1], ["LIMIT", 1]]
  ↳ app/controllers/api/v1/urls_controller.rb:10:in `decode'
  Rendering layout layouts/api.json.erb
  Rendering api/v1/urls/decode.json.jbuilder within layouts/api
  Rendered api/v1/urls/decode.json.jbuilder within layouts/api (Duration: 4.2ms | Allocations: 2101)
  Rendered layout layouts/api.json.erb (Duration: 5.5ms | Allocations: 2196)
Completed 500 Internal Server Error in 51ms (ActiveRecord: 21.2ms | Allocations: 5901)


  
ActionView::Template::Error (undefined method `id' for [#<Url id: 1, url: "http://google.com.vn", created_at: "2022-08-19 15:52:32.420118000 +0000", updated_at: "2022-08-19 15:52:32.420118000 +0000">]:Array

            @virtual_path = "api/v1/urls/decode";;__already_defined = defined?(json); json||=JbuilderTemplate.new(self); json.id @url.id
                                                                                                                                     ^^^):
    1: json.id @url.id
    2: json.url @url.url
    3: json.short_url @url.short_url
    4: json.created_at @url.created_at
  
app/views/api/v1/urls/decode.json.jbuilder:1
Started GET "/api/v1/decode?key=eR" for 127.0.0.1 at 2022-08-19 22:56:18 +0700
Processing by Api::V1::UrlsController#decode as JSON
  Parameters: {"url"=>"http://google.com.vn", "key"=>"eR"}
  [1m[36mUrl Load (2.7ms)[0m  [1m[34mSELECT "urls".* FROM "urls" WHERE "urls"."id" = $1 LIMIT $2[0m  [["id", 1], ["LIMIT", 1]]
  ↳ app/controllers/api/v1/urls_controller.rb:10:in `decode'
  Rendering layout layouts/api.json.erb
  Rendering api/v1/urls/decode.json.jbuilder within layouts/api
  Rendered api/v1/urls/decode.json.jbuilder within layouts/api (Duration: 12.9ms | Allocations: 2184)
  Rendered layout layouts/api.json.erb (Duration: 14.4ms | Allocations: 2279)
Completed 500 Internal Server Error in 49ms (ActiveRecord: 20.7ms | Allocations: 5593)


  
ActionView::Template::Error (undefined method `id' for [#<Url id: 1, url: "http://google.com.vn", created_at: "2022-08-19 15:52:32.420118000 +0000", updated_at: "2022-08-19 15:52:32.420118000 +0000">]:Array

            @virtual_path = "api/v1/urls/decode";;__already_defined = defined?(json); json||=JbuilderTemplate.new(self); json.id @data.id
                                                                                                                                      ^^^):
    1: json.id @data.id
    2: json.url @data.url
    3: json.short_url @data.short_url
    4: json.created_at @data.created_at
  
app/views/api/v1/urls/decode.json.jbuilder:1
Started GET "/api/v1/decode?key=eR" for 127.0.0.1 at 2022-08-19 22:56:41 +0700
Processing by Api::V1::UrlsController#decode as JSON
  Parameters: {"url"=>"http://google.com.vn", "key"=>"eR"}
  [1m[36mUrl Load (2.2ms)[0m  [1m[34mSELECT "urls".* FROM "urls" WHERE "urls"."id" = $1 LIMIT $2[0m  [["id", 1], ["LIMIT", 1]]
  ↳ app/controllers/api/v1/urls_controller.rb:10:in `decode'
  Rendering layout layouts/api.json.erb
  Rendering api/v1/urls/decode.json.jbuilder within layouts/api
  Rendered api/v1/urls/decode.json.jbuilder within layouts/api (Duration: 3.3ms | Allocations: 1333)
  Rendered layout layouts/api.json.erb (Duration: 4.8ms | Allocations: 1427)
Completed 500 Internal Server Error in 31ms (ActiveRecord: 12.8ms | Allocations: 4700)


  
ActionView::Template::Error (undefined method `id' for nil:NilClass

            @virtual_path = "api/v1/urls/decode";;__already_defined = defined?(json); json||=JbuilderTemplate.new(self); json.id @url.id
                                                                                                                                     ^^^):
    1: json.id @url.id
    2: json.url @url.url
    3: json.short_url @url.short_url
    4: json.created_at @url.created_at
  
app/views/api/v1/urls/decode.json.jbuilder:1
Started GET "/api/v1/decode?key=eR" for 127.0.0.1 at 2022-08-19 22:57:06 +0700
Processing by Api::V1::UrlsController#decode as JSON
  Parameters: {"url"=>"http://google.com.vn", "key"=>"eR"}
  [1m[36mUrl Load (3.1ms)[0m  [1m[34mSELECT "urls".* FROM "urls" WHERE "urls"."id" = $1 LIMIT $2[0m  [["id", 1], ["LIMIT", 1]]
  ↳ app/controllers/api/v1/urls_controller.rb:10:in `decode'
  Rendering layout layouts/api.json.erb
  Rendering api/v1/urls/decode.json.jbuilder within layouts/api
  Rendered api/v1/urls/decode.json.jbuilder within layouts/api (Duration: 13.1ms | Allocations: 1291)
  Rendered layout layouts/api.json.erb (Duration: 14.7ms | Allocations: 1385)
Completed 500 Internal Server Error in 31ms (ActiveRecord: 3.1ms | Allocations: 2913)


  
ActionView::Template::Error (undefined method `url' for nil:NilClass

            @virtual_path = "api/v1/urls/decode";;__already_defined = defined?(json); json||=JbuilderTemplate.new(self); json.url @url.url
                                                                                                                                      ^^^^):
    1: json.url @url.url
    2: json.short_url @url.short_url
    3: json.created_at @url.created_at
    4: json.updated_at @url.updated_at
  
app/views/api/v1/urls/decode.json.jbuilder:1
Started POST "/api/v1/encode" for 127.0.0.1 at 2022-08-19 22:57:19 +0700
Processing by Api::V1::UrlsController#encode as JSON
  Parameters: {"url"=>"http://google.com.vn"}
  [1m[36mTRANSACTION (2.6ms)[0m  [1m[35mBEGIN[0m
  ↳ app/controllers/api/v1/urls_controller.rb:5:in `encode'
  [1m[36mUrl Create (4.5ms)[0m  [1m[32mINSERT INTO "urls" ("url", "created_at", "updated_at") VALUES ($1, $2, $3) RETURNING "id"[0m  [["url", "http://google.com.vn"], ["created_at", "2022-08-19 15:57:19.359690"], ["updated_at", "2022-08-19 15:57:19.359690"]]
  ↳ app/controllers/api/v1/urls_controller.rb:5:in `encode'
  [1m[36mTRANSACTION (10.5ms)[0m  [1m[35mCOMMIT[0m
  ↳ app/controllers/api/v1/urls_controller.rb:5:in `encode'
  Rendering layout layouts/api.json.erb
  Rendering api/v1/urls/encode.json.jbuilder within layouts/api
  Rendered api/v1/urls/encode.json.jbuilder within layouts/api (Duration: 4.1ms | Allocations: 360)
  Rendered layout layouts/api.json.erb (Duration: 7.1ms | Allocations: 634)
Completed 200 OK in 47ms (Views: 13.2ms | ActiveRecord: 17.5ms | Allocations: 3487)


Started POST "/api/v1/encode" for 127.0.0.1 at 2022-08-19 22:57:45 +0700
Processing by Api::V1::UrlsController#encode as JSON
  Parameters: {"url"=>"http://google.com.vn"}
  [1m[36mTRANSACTION (2.2ms)[0m  [1m[35mBEGIN[0m
  ↳ app/controllers/api/v1/urls_controller.rb:5:in `encode'
  [1m[36mUrl Create (2.7ms)[0m  [1m[32mINSERT INTO "urls" ("url", "created_at", "updated_at") VALUES ($1, $2, $3) RETURNING "id"[0m  [["url", "http://google.com.vn"], ["created_at", "2022-08-19 15:57:48.056012"], ["updated_at", "2022-08-19 15:57:48.056012"]]
  ↳ app/controllers/api/v1/urls_controller.rb:5:in `encode'
  [1m[36mTRANSACTION (5.8ms)[0m  [1m[35mCOMMIT[0m
  ↳ app/controllers/api/v1/urls_controller.rb:5:in `encode'
  Rendering layout layouts/api.json.erb
  Rendering api/v1/urls/encode.json.jbuilder within layouts/api
  Rendered api/v1/urls/encode.json.jbuilder within layouts/api (Duration: 3.1ms | Allocations: 372)
  Rendered layout layouts/api.json.erb (Duration: 6.1ms | Allocations: 640)
Completed 200 OK in 53ms (Views: 9.6ms | ActiveRecord: 27.7ms | Allocations: 4935)


Started GET "/api/v1/decode?key=eR" for 127.0.0.1 at 2022-08-19 22:57:50 +0700
Processing by Api::V1::UrlsController#decode as JSON
  Parameters: {"url"=>"http://google.com.vn", "key"=>"eR"}
  [1m[36mUrl Load (2.9ms)[0m  [1m[34mSELECT "urls".* FROM "urls" WHERE "urls"."id" = $1 LIMIT $2[0m  [["id", 1], ["LIMIT", 1]]
  ↳ app/controllers/api/v1/urls_controller.rb:10:in `decode'
  Rendering layout layouts/api.json.erb
  Rendering api/v1/urls/decode.json.jbuilder within layouts/api
  Rendered api/v1/urls/decode.json.jbuilder within layouts/api (Duration: 4.0ms | Allocations: 340)
  Rendered layout layouts/api.json.erb (Duration: 5.5ms | Allocations: 449)
Completed 200 OK in 19ms (Views: 7.2ms | ActiveRecord: 2.9ms | Allocations: 1832)


Started GET "/api/v1/decode?key=eR" for 127.0.0.1 at 2022-08-19 22:57:54 +0700
Processing by Api::V1::UrlsController#decode as JSON
  Parameters: {"url"=>"http://google.com.vn", "key"=>"eR"}
  [1m[36mUrl Load (2.8ms)[0m  [1m[34mSELECT "urls".* FROM "urls" WHERE "urls"."id" = $1 LIMIT $2[0m  [["id", 1], ["LIMIT", 1]]
  ↳ app/controllers/api/v1/urls_controller.rb:10:in `decode'
  Rendering layout layouts/api.json.erb
  Rendering api/v1/urls/decode.json.jbuilder within layouts/api
  Rendered api/v1/urls/decode.json.jbuilder within layouts/api (Duration: 0.9ms | Allocations: 231)
  Rendered layout layouts/api.json.erb (Duration: 4.4ms | Allocations: 340)
Completed 200 OK in 21ms (Views: 12.0ms | ActiveRecord: 2.8ms | Allocations: 1308)


Started GET "/api/v1/decode?key=49" for 127.0.0.1 at 2022-08-19 22:57:58 +0700
Processing by Api::V1::UrlsController#decode as JSON
  Parameters: {"url"=>"http://google.com.vn", "key"=>"49"}
  [1m[36mUrl Load (2.6ms)[0m  [1m[34mSELECT "urls".* FROM "urls" WHERE "urls"."id" = $1 LIMIT $2[0m  [["id", 3], ["LIMIT", 1]]
  ↳ app/controllers/api/v1/urls_controller.rb:10:in `decode'
  Rendering layout layouts/api.json.erb
  Rendering api/v1/urls/decode.json.jbuilder within layouts/api
  Rendered api/v1/urls/decode.json.jbuilder within layouts/api (Duration: 1.0ms | Allocations: 231)
  Rendered layout layouts/api.json.erb (Duration: 2.8ms | Allocations: 340)
Completed 200 OK in 13ms (Views: 5.7ms | ActiveRecord: 2.6ms | Allocations: 1310)


Started GET "/api/v1/decode?key=" for 127.0.0.1 at 2022-08-19 22:58:17 +0700
Processing by Api::V1::UrlsController#decode as JSON
  Parameters: {"url"=>"http://google.com.vn", "key"=>""}
Completed 422 Unprocessable Entity in 1ms (Views: 0.4ms | ActiveRecord: 0.0ms | Allocations: 178)


Started GET "/api/v1/decode?key=49213" for 127.0.0.1 at 2022-08-19 22:58:31 +0700
Processing by Api::V1::UrlsController#decode as JSON
  Parameters: {"url"=>"http://google.com.vn", "key"=>"49213"}
Completed 422 Unprocessable Entity in 1ms (Views: 0.2ms | ActiveRecord: 0.0ms | Allocations: 367)


Started GET "/api/v1/decode?key=dsa" for 127.0.0.1 at 2022-08-19 22:58:36 +0700
Processing by Api::V1::UrlsController#decode as JSON
  Parameters: {"url"=>"http://google.com.vn", "key"=>"dsa"}
Completed 422 Unprocessable Entity in 1ms (Views: 0.2ms | ActiveRecord: 0.0ms | Allocations: 358)


Started GET "/api/v1/decode?key=dsa" for 127.0.0.1 at 2022-08-19 22:58:41 +0700
Processing by Api::V1::UrlsController#decode as JSON
  Parameters: {"url"=>"http://google.com.vn", "key"=>"dsa"}
Completed 422 Unprocessable Entity in 1ms (Views: 0.2ms | ActiveRecord: 0.0ms | Allocations: 358)


Started GET "/api/v1/decode?key=dsa" for 127.0.0.1 at 2022-08-19 22:58:42 +0700
Processing by Api::V1::UrlsController#decode as JSON
  Parameters: {"url"=>"http://google.com.vn", "key"=>"dsa"}
Completed 422 Unprocessable Entity in 1ms (Views: 0.7ms | ActiveRecord: 0.0ms | Allocations: 358)


Started GET "/api/v1/decode?key=dsa" for 127.0.0.1 at 2022-08-19 22:58:43 +0700
Processing by Api::V1::UrlsController#decode as JSON
  Parameters: {"url"=>"http://google.com.vn", "key"=>"dsa"}
Completed 422 Unprocessable Entity in 1ms (Views: 0.3ms | ActiveRecord: 0.0ms | Allocations: 358)


Started GET "/api/v1/decode?key=dsa" for 127.0.0.1 at 2022-08-19 22:59:06 +0700
Processing by Api::V1::UrlsController#decode as JSON
  Parameters: {"url"=>"http://google.com.vn", "key"=>"dsa"}
Completed 200 OK in 15ms (Views: 0.3ms | ActiveRecord: 10.8ms | Allocations: 841)


Started GET "/api/v1/decode?key=dsa" for 127.0.0.1 at 2022-08-19 22:59:22 +0700
Processing by Api::V1::UrlsController#decode as JSON
  Parameters: {"url"=>"http://google.com.vn", "key"=>"dsa"}
Completed 200 OK in 16ms (Views: 0.2ms | ActiveRecord: 11.8ms | Allocations: 844)


Started GET "/api/v1/decode?key=dsa" for 127.0.0.1 at 2022-08-19 23:02:17 +0700
Processing by Api::V1::UrlsController#decode as JSON
  Parameters: {"url"=>"http://google.com.vn", "key"=>"dsa"}
Completed 500 Internal Server Error in 0ms (ActiveRecord: 0.0ms | Allocations: 359)


  
RuntimeError (Url is invalid):
  
app/controllers/api/v1/urls_controller.rb:13:in `decode'
Started GET "/api/v1/decode?key=dsa" for 127.0.0.1 at 2022-08-19 23:03:03 +0700
  
SyntaxError (C:/Users/NC/Documents/Projects/oivan/oivan_api/app/controllers/concerns/exception_handler.rb:11: syntax error, unexpected symbol literal, expecting `do' or '{' or '('
...escue_from RuntimeError, with :custom_error
...                              ^
):
  
app/controllers/concerns/exception_handler.rb:11: syntax error, unexpected symbol literal, expecting `do' or '{' or '('
app/controllers/concerns/exception_handler.rb:11: syntax error, unexpected symbol literal, expecting `do' or '{' or '('
app/controllers/api/api_controller.rb:5:in `<class:ApiController>'
app/controllers/api/api_controller.rb:2:in `<module:Api>'
app/controllers/api/api_controller.rb:1:in `<main>'
app/controllers/api/v1/urls_controller.rb:3:in `<module:V1>'
app/controllers/api/v1/urls_controller.rb:2:in `<module:Api>'
app/controllers/api/v1/urls_controller.rb:1:in `<main>'
Started GET "/api/v1/decode?key=dsa" for 127.0.0.1 at 2022-08-19 23:03:15 +0700
  
SyntaxError (C:/Users/NC/Documents/Projects/oivan/oivan_api/app/controllers/concerns/exception_handler.rb:11: syntax error, unexpected symbol literal, expecting `do' or '{' or '('
...escue_from RuntimeError, with :custom_error
...                              ^
):
  
app/controllers/concerns/exception_handler.rb:11: syntax error, unexpected symbol literal, expecting `do' or '{' or '('
app/controllers/concerns/exception_handler.rb:11: syntax error, unexpected symbol literal, expecting `do' or '{' or '('
app/controllers/api/api_controller.rb:5:in `<class:ApiController>'
app/controllers/api/api_controller.rb:2:in `<module:Api>'
app/controllers/api/api_controller.rb:1:in `<main>'
app/controllers/api/v1/urls_controller.rb:3:in `<module:V1>'
app/controllers/api/v1/urls_controller.rb:2:in `<module:Api>'
app/controllers/api/v1/urls_controller.rb:1:in `<main>'
Started GET "/api/v1/decode?key=dsa" for 127.0.0.1 at 2022-08-19 23:03:20 +0700
Processing by Api::V1::UrlsController#decode as JSON
  Parameters: {"url"=>"http://google.com.vn", "key"=>"dsa"}
Completed 200 OK in 1ms (Views: 0.3ms | ActiveRecord: 0.0ms | Allocations: 476)


Started GET "/api/v1/decode?key=49" for 127.0.0.1 at 2022-08-19 23:03:31 +0700
Processing by Api::V1::UrlsController#decode as JSON
  Parameters: {"url"=>"http://google.com.vn", "key"=>"49"}
  [1m[36mUrl Load (2.7ms)[0m  [1m[34mSELECT "urls".* FROM "urls" WHERE "urls"."id" = $1 LIMIT $2[0m  [["id", 3], ["LIMIT", 1]]
  ↳ app/controllers/api/v1/urls_controller.rb:15:in `decode'
  Rendering layout layouts/api.json.erb
  Rendering api/v1/urls/decode.json.jbuilder within layouts/api
  Rendered api/v1/urls/decode.json.jbuilder within layouts/api (Duration: 1.1ms | Allocations: 305)
  Rendered layout layouts/api.json.erb (Duration: 2.7ms | Allocations: 428)
Completed 200 OK in 35ms (Views: 5.3ms | ActiveRecord: 20.2ms | Allocations: 3347)


Started GET "/api/v1/decode?key=" for 127.0.0.1 at 2022-08-19 23:03:57 +0700
Processing by Api::V1::UrlsController#decode as JSON
  Parameters: {"url"=>"http://google.com.vn", "key"=>""}
Completed 200 OK in 0ms (Views: 0.2ms | ActiveRecord: 0.0ms | Allocations: 142)


Started GET "/api/v1/decode?key=49" for 127.0.0.1 at 2022-08-19 23:04:30 +0700
Processing by Api::V1::UrlsController#decode as JSON
  Parameters: {"url"=>"http://google.com.vn", "key"=>"49"}
  [1m[36mUrl Load (2.3ms)[0m  [1m[34mSELECT "urls".* FROM "urls" WHERE "urls"."id" = $1 LIMIT $2[0m  [["id", 3], ["LIMIT", 1]]
  ↳ app/controllers/api/v1/urls_controller.rb:15:in `decode'
  Rendering layout layouts/api.json.erb
  Rendering api/v1/urls/decode.json.jbuilder within layouts/api
  Rendered api/v1/urls/decode.json.jbuilder within layouts/api (Duration: 1.0ms | Allocations: 305)
  Rendered layout layouts/api.json.erb (Duration: 2.6ms | Allocations: 428)
Completed 200 OK in 33ms (Views: 5.5ms | ActiveRecord: 19.9ms | Allocations: 3391)


Started GET "/api/v1/decode?key=Ao" for 127.0.0.1 at 2022-08-19 23:04:37 +0700
Processing by Api::V1::UrlsController#decode as JSON
  Parameters: {"url"=>"http://google.com.vn", "key"=>"Ao"}
  [1m[36mUrl Load (2.9ms)[0m  [1m[34mSELECT "urls".* FROM "urls" WHERE "urls"."id" = $1 LIMIT $2[0m  [["id", 2], ["LIMIT", 1]]
  ↳ app/controllers/api/v1/urls_controller.rb:15:in `decode'
Completed 200 OK in 10ms (Views: 0.3ms | ActiveRecord: 2.9ms | Allocations: 926)


Started GET "/api/v1/decode?key=Ao" for 127.0.0.1 at 2022-08-19 23:05:07 +0700
  
ActionController::RoutingError (No route matches [GET] "/api/v1/decode"):
  
Started GET "/decode?key=Ao" for 127.0.0.1 at 2022-08-19 23:05:11 +0700
  
ActionController::RoutingError (uninitialized constant UrlsController

      Object.const_get(camel_cased_word)
            ^^^^^^^^^^

            raise MissingController.new(error.message, error.name)
            ^^^^^):
  
Started GET "/decode?key=Ao" for 127.0.0.1 at 2022-08-19 23:05:21 +0700
  
ActionController::RoutingError (uninitialized constant UrlsController

      Object.const_get(camel_cased_word)
            ^^^^^^^^^^

            raise MissingController.new(error.message, error.name)
            ^^^^^):
  
Started GET "/api/v1/decode?key=Ao" for 127.0.0.1 at 2022-08-19 23:06:04 +0700
  [1m[36mActiveRecord::SchemaMigration Pluck (4.4ms)[0m  [1m[34mSELECT "schema_migrations"."version" FROM "schema_migrations" ORDER BY "schema_migrations"."version" ASC[0m
Processing by Api::V1::UrlsController#decode as JSON
  Parameters: {"url"=>"http://google.com.vn", "key"=>"Ao"}
  [1m[36mUrl Load (3.4ms)[0m  [1m[34mSELECT "urls".* FROM "urls" WHERE "urls"."id" = $1 LIMIT $2[0m  [["id", 2], ["LIMIT", 1]]
  ↳ app/controllers/api/v1/urls_controller.rb:15:in `decode'
Completed 200 OK in 25ms (Views: 0.3ms | ActiveRecord: 14.1ms | Allocations: 2848)


Started POST "/api/v1/encode" for 127.0.0.1 at 2022-08-19 23:06:06 +0700
Processing by Api::V1::UrlsController#encode as JSON
  Parameters: {"url"=>"http://google.com.vn"}
  [1m[36mTRANSACTION (2.6ms)[0m  [1m[35mBEGIN[0m
  ↳ app/controllers/api/v1/urls_controller.rb:5:in `encode'
  [1m[36mUrl Create (4.0ms)[0m  [1m[32mINSERT INTO "urls" ("url", "created_at", "updated_at") VALUES ($1, $2, $3) RETURNING "id"[0m  [["url", "http://google.com.vn"], ["created_at", "2022-08-19 16:06:06.738366"], ["updated_at", "2022-08-19 16:06:06.738366"]]
  ↳ app/controllers/api/v1/urls_controller.rb:5:in `encode'
  [1m[36mTRANSACTION (11.4ms)[0m  [1m[35mCOMMIT[0m
  ↳ app/controllers/api/v1/urls_controller.rb:5:in `encode'
  Rendering layout layouts/api.json.erb
  Rendering api/v1/urls/encode.json.jbuilder within layouts/api
  Rendered api/v1/urls/encode.json.jbuilder within layouts/api (Duration: 4.9ms | Allocations: 597)
  Rendered layout layouts/api.json.erb (Duration: 7.8ms | Allocations: 948)
Completed 200 OK in 90ms (Views: 21.1ms | ActiveRecord: 33.1ms | Allocations: 8254)


Started GET "/api/v1/decode?key=8Y" for 127.0.0.1 at 2022-08-19 23:06:11 +0700
Processing by Api::V1::UrlsController#decode as JSON
  Parameters: {"url"=>"http://google.com.vn", "key"=>"8Y"}
  [1m[36mUrl Load (3.1ms)[0m  [1m[34mSELECT "urls".* FROM "urls" WHERE "urls"."id" = $1 LIMIT $2[0m  [["id", 4], ["LIMIT", 1]]
  ↳ app/controllers/api/v1/urls_controller.rb:15:in `decode'
  Rendering layout layouts/api.json.erb
  Rendering api/v1/urls/decode.json.jbuilder within layouts/api
  Rendered api/v1/urls/decode.json.jbuilder within layouts/api (Duration: 2.7ms | Allocations: 346)
  Rendered layout layouts/api.json.erb (Duration: 4.3ms | Allocations: 457)
Completed 200 OK in 18ms (Views: 6.0ms | ActiveRecord: 3.1ms | Allocations: 1666)


Started GET "/api/v1/decode?key=8y" for 127.0.0.1 at 2022-08-19 23:06:17 +0700
Processing by Api::V1::UrlsController#decode as JSON
  Parameters: {"url"=>"http://google.com.vn", "key"=>"8y"}
Completed 200 OK in 1ms (Views: 0.4ms | ActiveRecord: 0.0ms | Allocations: 346)


  [1m[36mActiveRecord::SchemaMigration Pluck (4.5ms)[0m  [1m[34mSELECT "schema_migrations"."version" FROM "schema_migrations" ORDER BY "schema_migrations"."version" ASC[0m
  [1m[36mActiveRecord::SchemaMigration Pluck (3.3ms)[0m  [1m[34mSELECT "schema_migrations"."version" FROM "schema_migrations" ORDER BY "schema_migrations"."version" ASC[0m
  [1m[36mActiveRecord::SchemaMigration Pluck (2.6ms)[0m  [1m[34mSELECT "schema_migrations"."version" FROM "schema_migrations" ORDER BY "schema_migrations"."version" ASC[0m
  [1m[35m (3.0ms)[0m  [1m[34mSELECT pg_try_advisory_lock(3205495034311691940)[0m
  [1m[36mActiveRecord::SchemaMigration Pluck (2.9ms)[0m  [1m[34mSELECT "schema_migrations"."version" FROM "schema_migrations" ORDER BY "schema_migrations"."version" ASC[0m
Migrating to CreateUrls (20220819152611)
  [1m[36mTRANSACTION (2.5ms)[0m  [1m[35mBEGIN[0m
  [1m[35m (8.9ms)[0m  [1m[35mDROP TABLE "urls"[0m
  [1m[36mActiveRecord::SchemaMigration Delete All (4.0ms)[0m  [1m[31mDELETE FROM "schema_migrations" WHERE "schema_migrations"."version" = $1[0m  [["version", "20220819152611"]]
  [1m[36mTRANSACTION (12.9ms)[0m  [1m[35mCOMMIT[0m
  [1m[35m (3.1ms)[0m  [1m[34mSELECT pg_advisory_unlock(3205495034311691940)[0m
  [1m[36mActiveRecord::SchemaMigration Pluck (4.8ms)[0m  [1m[34mSELECT "schema_migrations"."version" FROM "schema_migrations" ORDER BY "schema_migrations"."version" ASC[0m
  [1m[35m (2.8ms)[0m  [1m[34mSELECT pg_try_advisory_lock(3205495034311691940)[0m
  [1m[36mActiveRecord::SchemaMigration Pluck (3.8ms)[0m  [1m[34mSELECT "schema_migrations"."version" FROM "schema_migrations" ORDER BY "schema_migrations"."version" ASC[0m
Migrating to CreateUrls (20220819152611)
  [1m[36mTRANSACTION (2.5ms)[0m  [1m[35mBEGIN[0m
  [1m[35m (28.9ms)[0m  [1m[35mCREATE TABLE "urls" ("id" bigserial primary key, "url" character varying, "created_at" timestamp(6) NOT NULL, "updated_at" timestamp(6) NOT NULL)[0m
  [1m[36mActiveRecord::SchemaMigration Create (3.5ms)[0m  [1m[32mINSERT INTO "schema_migrations" ("version") VALUES ($1) RETURNING "version"[0m  [["version", "20220819152611"]]
  [1m[36mTRANSACTION (6.2ms)[0m  [1m[35mCOMMIT[0m
  [1m[36mActiveRecord::InternalMetadata Load (3.3ms)[0m  [1m[34mSELECT "ar_internal_metadata".* FROM "ar_internal_metadata" WHERE "ar_internal_metadata"."key" = $1 LIMIT $2[0m  [["key", "environment"], ["LIMIT", 1]]
  [1m[35m (3.4ms)[0m  [1m[34mSELECT pg_advisory_unlock(3205495034311691940)[0m
  [1m[36mActiveRecord::SchemaMigration Pluck (4.8ms)[0m  [1m[34mSELECT "schema_migrations"."version" FROM "schema_migrations" ORDER BY "schema_migrations"."version" ASC[0m
Started GET "/api/v1/decode?key=8y" for 127.0.0.1 at 2022-08-19 23:11:31 +0700
  [1m[36mActiveRecord::SchemaMigration Pluck (4.7ms)[0m  [1m[34mSELECT "schema_migrations"."version" FROM "schema_migrations" ORDER BY "schema_migrations"."version" ASC[0m
Processing by Api::V1::UrlsController#decode as JSON
  Parameters: {"url"=>"http://google.com.vn", "key"=>"8y"}
Completed 200 OK in 1ms (Views: 0.5ms | ActiveRecord: 0.0ms | Allocations: 761)


Started GET "/api/v1/decode?key=54jkhyu" for 127.0.0.1 at 2022-08-19 23:11:41 +0700
Processing by Api::V1::UrlsController#decode as JSON
  Parameters: {"url"=>"http://google.com.vn", "key"=>"54jkhyu"}
Completed 200 OK in 1ms (Views: 0.2ms | ActiveRecord: 0.0ms | Allocations: 551)


Started GET "/api/v1/decode?key=54jkhyu" for 127.0.0.1 at 2022-08-19 23:11:43 +0700
Processing by Api::V1::UrlsController#decode as JSON
  Parameters: {"url"=>"http://google.com.vn", "key"=>"54jkhyu"}
Completed 200 OK in 1ms (Views: 0.2ms | ActiveRecord: 0.0ms | Allocations: 548)


Started GET "/api/v1/decode?key=54jkhyu" for 127.0.0.1 at 2022-08-19 23:11:44 +0700
Processing by Api::V1::UrlsController#decode as JSON
  Parameters: {"url"=>"http://google.com.vn", "key"=>"54jkhyu"}
Completed 200 OK in 1ms (Views: 0.2ms | ActiveRecord: 0.0ms | Allocations: 548)


Started GET "/api/v1/decode?key=54jkhyu" for 127.0.0.1 at 2022-08-19 23:22:42 +0700
  [1m[36mActiveRecord::SchemaMigration Pluck (4.4ms)[0m  [1m[34mSELECT "schema_migrations"."version" FROM "schema_migrations" ORDER BY "schema_migrations"."version" ASC[0m
Processing by Api::V1::UrlsController#decode as JSON
  Parameters: {"url"=>"http://google.com.vn", "key"=>"54jkhyu"}
Completed 200 OK in 1ms (Views: 0.3ms | ActiveRecord: 0.0ms | Allocations: 868)


Started POST "/api/v1/encode" for 127.0.0.1 at 2022-08-19 23:22:46 +0700
Processing by Api::V1::UrlsController#encode as JSON
  Parameters: {"url"=>"http://google.com.vn"}
  [1m[36mTRANSACTION (2.5ms)[0m  [1m[35mBEGIN[0m
  ↳ app/controllers/api/v1/urls_controller.rb:5:in `encode'
  [1m[36mUrl Create (4.5ms)[0m  [1m[32mINSERT INTO "urls" ("url", "created_at", "updated_at") VALUES ($1, $2, $3) RETURNING "id"[0m  [["url", "http://google.com.vn"], ["created_at", "2022-08-19 16:22:46.550795"], ["updated_at", "2022-08-19 16:22:46.550795"]]
  ↳ app/controllers/api/v1/urls_controller.rb:5:in `encode'
  [1m[36mTRANSACTION (6.2ms)[0m  [1m[35mCOMMIT[0m
  ↳ app/controllers/api/v1/urls_controller.rb:5:in `encode'
  Rendering layout layouts/api.json.erb
  Rendering api/v1/urls/encode.json.jbuilder within layouts/api
  Rendered api/v1/urls/encode.json.jbuilder within layouts/api (Duration: 5.3ms | Allocations: 704)
  Rendered layout layouts/api.json.erb (Duration: 7.9ms | Allocations: 1055)
Completed 200 OK in 95ms (Views: 22.2ms | ActiveRecord: 36.1ms | Allocations: 9107)


Started GET "/api/v1/decode?key=nAOeRl1w" for 127.0.0.1 at 2022-08-19 23:22:54 +0700
Processing by Api::V1::UrlsController#decode as JSON
  Parameters: {"url"=>"http://google.com.vn", "key"=>"nAOeRl1w"}
  [1m[36mUrl Load (2.6ms)[0m  [1m[34mSELECT "urls".* FROM "urls" WHERE "urls"."id" = $1 LIMIT $2[0m  [["id", 1], ["LIMIT", 1]]
  ↳ app/controllers/api/v1/urls_controller.rb:15:in `decode'
  Rendering layout layouts/api.json.erb
  Rendering api/v1/urls/decode.json.jbuilder within layouts/api
  Rendered api/v1/urls/decode.json.jbuilder within layouts/api (Duration: 2.5ms | Allocations: 504)
  Rendered layout layouts/api.json.erb (Duration: 4.1ms | Allocations: 620)
Completed 200 OK in 26ms (Views: 5.8ms | ActiveRecord: 5.6ms | Allocations: 2818)


Started GET "/api/v1/decode?key=nAOeRl1w" for 127.0.0.1 at 2022-08-20 09:59:26 +0700
  
ActionController::RoutingError (No route matches [GET] "/api/v1/decode"):
  
Started GET "/decode?key=nAOeRl1w" for 127.0.0.1 at 2022-08-20 09:59:29 +0700
  
NameError (uninitialized constant BaseController

class UrlsController < BaseController
                       ^^^^^^^^^^^^^^
Did you mean?  UrlsController):
  
app/controllers/urls_controller.rb:1:in `<main>'
Started GET "/decode?key=nAOeRl1w" for 127.0.0.1 at 2022-08-20 09:59:31 +0700
  
NameError (uninitialized constant BaseController

class UrlsController < BaseController
                       ^^^^^^^^^^^^^^
Did you mean?  UrlsController):
  
app/controllers/urls_controller.rb:1:in `<main>'
Started GET "/decode?key=nAOeRl1w" for 127.0.0.1 at 2022-08-20 09:59:39 +0700
Processing by UrlsController#decode as */*
  Parameters: {"url"=>"http://google.com.vn", "key"=>"nAOeRl1w"}
  [1m[36mUrl Load (3.7ms)[0m  [1m[34mSELECT "urls".* FROM "urls" WHERE "urls"."id" = $1 LIMIT $2[0m  [["id", 1], ["LIMIT", 1]]
  ↳ app/controllers/urls_controller.rb:13:in `decode'
No template found for UrlsController#decode, rendering head :no_content
Completed 204 No Content in 152ms (ActiveRecord: 70.1ms | Allocations: 5884)


Started GET "/decode?key=nAOeRl1w" for 127.0.0.1 at 2022-08-20 09:59:44 +0700
Processing by UrlsController#decode as */*
  Parameters: {"url"=>"http://google.com.vn", "key"=>"nAOeRl1w"}
  [1m[36mUrl Load (3.4ms)[0m  [1m[34mSELECT "urls".* FROM "urls" WHERE "urls"."id" = $1 LIMIT $2[0m  [["id", 1], ["LIMIT", 1]]
  ↳ app/controllers/urls_controller.rb:13:in `decode'
No template found for UrlsController#decode, rendering head :no_content
Completed 204 No Content in 12ms (ActiveRecord: 3.4ms | Allocations: 950)


Started GET "/decode?key=nAOeRl1w" for 127.0.0.1 at 2022-08-20 10:00:04 +0700
Processing by UrlsController#decode as */*
  Parameters: {"url"=>"http://google.com.vn", "key"=>"nAOeRl1w"}
  [1m[36mUrl Load (3.1ms)[0m  [1m[34mSELECT "urls".* FROM "urls" WHERE "urls"."id" = $1 LIMIT $2[0m  [["id", 1], ["LIMIT", 1]]
  ↳ app/controllers/urls_controller.rb:13:in `decode'
No template found for UrlsController#decode, rendering head :no_content
Completed 204 No Content in 10ms (ActiveRecord: 3.1ms | Allocations: 962)


Started GET "/decode?key=nAOeRl1w" for 127.0.0.1 at 2022-08-20 10:00:55 +0700
  
NoMethodError (undefined method `respond_to' for UrlsController:Class

  respond_to :json
  ^^^^^^^^^^
Did you mean?  respond_to?):
  
app/controllers/urls_controller.rb:2:in `<class:UrlsController>'
app/controllers/urls_controller.rb:1:in `<main>'
Started GET "/api/v1/decode?key=nAOeRl1w" for 127.0.0.1 at 2022-08-20 10:02:28 +0700
  
ActionController::RoutingError (No route matches [GET] "/api/v1/decode"):
  
Started GET "/api/v1/decode?key=nAOeRl1w" for 127.0.0.1 at 2022-08-20 10:02:37 +0700
Processing by Api::V1::UrlsController#decode as JSON
  Parameters: {"url"=>"http://google.com.vn", "key"=>"nAOeRl1w"}
  [1m[36mUrl Load (2.6ms)[0m  [1m[34mSELECT "urls".* FROM "urls" WHERE "urls"."id" = $1 LIMIT $2[0m  [["id", 1], ["LIMIT", 1]]
  ↳ app/controllers/api/v1/urls_controller.rb:15:in `decode'
  Rendering layout layouts/api.json.erb
  Rendering api/v1/urls/decode.json.jbuilder within layouts/api
  Rendered api/v1/urls/decode.json.jbuilder within layouts/api (Duration: 14.0ms | Allocations: 512)
  Rendered layout layouts/api.json.erb (Duration: 28.1ms | Allocations: 786)
Completed 200 OK in 69ms (Views: 32.6ms | ActiveRecord: 24.3ms | Allocations: 4222)


Started GET "/api/v1/decode?key=nAOeRl1w" for 127.0.0.1 at 2022-08-20 10:06:53 +0700
  
NameError (uninitialized constant Handleable::CustomError

    rescue_from CustomError, with: :custom_error
                ^^^^^^^^^^^):
  
app/controllers/concerns/handleable.rb:11:in `block in <module:Handleable>'
app/controllers/api/base_controller.rb:5:in `include'
app/controllers/api/base_controller.rb:5:in `<class:BaseController>'
app/controllers/api/base_controller.rb:2:in `<module:Api>'
app/controllers/api/base_controller.rb:1:in `<main>'
app/controllers/api/v1/urls_controller.rb:3:in `<module:V1>'
app/controllers/api/v1/urls_controller.rb:2:in `<module:Api>'
app/controllers/api/v1/urls_controller.rb:1:in `<main>'
Started GET "/api/v1/decode?key=nAOeRl1w" for 127.0.0.1 at 2022-08-20 10:07:06 +0700
  
NameError (uninitialized constant CustomError

    rescue_from ::CustomError, with: :custom_error
                ^^^^^^^^^^^^^):
  
app/controllers/concerns/handleable.rb:11:in `block in <module:Handleable>'
app/controllers/api/base_controller.rb:5:in `include'
app/controllers/api/base_controller.rb:5:in `<class:BaseController>'
app/controllers/api/base_controller.rb:2:in `<module:Api>'
app/controllers/api/base_controller.rb:1:in `<main>'
app/controllers/api/v1/urls_controller.rb:3:in `<module:V1>'
app/controllers/api/v1/urls_controller.rb:2:in `<module:Api>'
app/controllers/api/v1/urls_controller.rb:1:in `<main>'
Started GET "/api/v1/decode?key=nAOeRl1w" for 127.0.0.1 at 2022-08-20 10:08:10 +0700
  [1m[36mActiveRecord::SchemaMigration Pluck (4.3ms)[0m  [1m[34mSELECT "schema_migrations"."version" FROM "schema_migrations" ORDER BY "schema_migrations"."version" ASC[0m
Processing by Api::V1::UrlsController#decode as JSON
  Parameters: {"url"=>"http://google.com.vn", "key"=>"nAOeRl1w"}
  [1m[36mUrl Load (5.0ms)[0m  [1m[34mSELECT "urls".* FROM "urls" WHERE "urls"."id" = $1 LIMIT $2[0m  [["id", 1], ["LIMIT", 1]]
  ↳ app/controllers/api/v1/urls_controller.rb:15:in `decode'
  Rendering layout layouts/api.json.erb
  Rendering api/v1/urls/decode.json.jbuilder within layouts/api
  Rendered api/v1/urls/decode.json.jbuilder within layouts/api (Duration: 31.1ms | Allocations: 967)
  Rendered layout layouts/api.json.erb (Duration: 35.0ms | Allocations: 1320)
Completed 200 OK in 373ms (Views: 121.7ms | ActiveRecord: 32.6ms | Allocations: 9533)


Started GET "/api/v1/decode?key=nAOeRl1w2" for 127.0.0.1 at 2022-08-20 10:08:22 +0700
Processing by Api::V1::UrlsController#decode as JSON
  Parameters: {"url"=>"http://google.com.vn", "key"=>"nAOeRl1w2"}
Completed 500 Internal Server Error in 1ms (ActiveRecord: 0.0ms | Allocations: 463)


  
RuntimeError (Url is invalid):
  
app/controllers/api/v1/urls_controller.rb:13:in `decode'
Started GET "/api/v1/decode?key=nAOeRl1w2" for 127.0.0.1 at 2022-08-20 10:09:06 +0700
Processing by Api::V1::UrlsController#decode as JSON
  Parameters: {"url"=>"http://google.com.vn", "key"=>"nAOeRl1w2"}
Completed 500 Internal Server Error in 20ms (ActiveRecord: 0.0ms | Allocations: 2658)


  
NoMethodError (undefined method `CustomError' for #<Api::V1::UrlsController:0x0000000000bc48>

        raise CustomError('Url is invalid') if decoded.blank?
              ^^^^^^^^^^^
Did you mean?  custom_error):
  
app/controllers/api/v1/urls_controller.rb:13:in `decode'
Started GET "/api/v1/decode?key=nAOeRl1w2" for 127.0.0.1 at 2022-08-20 10:09:36 +0700
Processing by Api::V1::UrlsController#decode as JSON
  Parameters: {"url"=>"http://google.com.vn", "key"=>"nAOeRl1w2"}
Completed 200 OK in 1ms (Views: 0.3ms | ActiveRecord: 0.0ms | Allocations: 597)


Started GET "/api/v1/decode?key=nAOeRl1w2" for 127.0.0.1 at 2022-08-20 10:11:35 +0700
Processing by Api::V1::UrlsController#decode as JSON
  Parameters: {"url"=>"http://google.com.vn", "key"=>"nAOeRl1w2"}
Completed 200 OK in 1ms (Views: 0.2ms | ActiveRecord: 0.0ms | Allocations: 586)


  [1m[35m (3.2ms)[0m  [1m[35mCREATE DATABASE "oivan_api_development" ENCODING = 'unicode'[0m
  [1m[35m (924.4ms)[0m  [1m[35mCREATE DATABASE "oivan_api_test" ENCODING = 'unicode'[0m
  [1m[36mActiveRecord::InternalMetadata Pluck (2.8ms)[0m  [1m[34mSELECT "ar_internal_metadata"."value" FROM "ar_internal_metadata" WHERE "ar_internal_metadata"."key" = $1 LIMIT $2[0m  [["key", "schema_sha1"], ["LIMIT", 1]]
  [1m[36mActiveRecord::SchemaMigration Pluck (3.8ms)[0m  [1m[34mSELECT "schema_migrations"."version" FROM "schema_migrations" ORDER BY "schema_migrations"."version" ASC[0m
Started GET "/swagger" for 127.0.0.1 at 2022-08-20 11:12:56 +0700
  [1m[36mActiveRecord::SchemaMigration Pluck (4.0ms)[0m  [1m[34mSELECT "schema_migrations"."version" FROM "schema_migrations" ORDER BY "schema_migrations"."version" ASC[0m
  
ActionController::RoutingError (No route matches [GET] "/swagger"):
  
Started GET "/api-docs" for 127.0.0.1 at 2022-08-20 11:13:03 +0700
Started GET "/api-docs/index.html" for 127.0.0.1 at 2022-08-20 11:13:03 +0700
Started GET "/api-docs/swagger-ui.css" for 127.0.0.1 at 2022-08-20 11:13:03 +0700
Started GET "/api-docs/swagger-ui-bundle.js" for 127.0.0.1 at 2022-08-20 11:13:03 +0700
Started GET "/api-docs/swagger-ui-standalone-preset.js" for 127.0.0.1 at 2022-08-20 11:13:03 +0700
Started GET "/api-docs/favicon-32x32.png" for 127.0.0.1 at 2022-08-20 11:13:03 +0700
Started GET "/api-docs/v1/swagger.yaml" for 127.0.0.1 at 2022-08-20 11:13:03 +0700
Started GET "/api-docs/favicon-32x32.png" for 127.0.0.1 at 2022-08-20 11:13:03 +0700
  [1m[36mActiveRecord::InternalMetadata Pluck (3.0ms)[0m  [1m[34mSELECT "ar_internal_metadata"."value" FROM "ar_internal_metadata" WHERE "ar_internal_metadata"."key" = $1 LIMIT $2[0m  [["key", "schema_sha1"], ["LIMIT", 1]]
  [1m[36mActiveRecord::SchemaMigration Pluck (3.7ms)[0m  [1m[34mSELECT "schema_migrations"."version" FROM "schema_migrations" ORDER BY "schema_migrations"."version" ASC[0m
Started GET "/api-docs/index.html" for 127.0.0.1 at 2022-08-20 11:16:04 +0700
Started GET "/api-docs/swagger-ui.css" for 127.0.0.1 at 2022-08-20 11:16:04 +0700
Started GET "/api-docs/swagger-ui-bundle.js" for 127.0.0.1 at 2022-08-20 11:16:04 +0700
Started GET "/api-docs/swagger-ui-standalone-preset.js" for 127.0.0.1 at 2022-08-20 11:16:04 +0700
Started GET "/api-docs/favicon-32x32.png" for 127.0.0.1 at 2022-08-20 11:16:04 +0700
Started GET "/api-docs/v1/swagger.yaml" for 127.0.0.1 at 2022-08-20 11:16:04 +0700
Started GET "/api-docs/favicon-32x32.png" for 127.0.0.1 at 2022-08-20 11:16:04 +0700
Started GET "/api-docs/index.html" for 127.0.0.1 at 2022-08-20 11:17:16 +0700
  [1m[36mActiveRecord::SchemaMigration Pluck (4.5ms)[0m  [1m[34mSELECT "schema_migrations"."version" FROM "schema_migrations" ORDER BY "schema_migrations"."version" ASC[0m
Started GET "/api-docs/swagger-ui.css" for 127.0.0.1 at 2022-08-20 11:17:17 +0700
Started GET "/api-docs/swagger-ui-bundle.js" for 127.0.0.1 at 2022-08-20 11:17:17 +0700
Started GET "/api-docs/swagger-ui-standalone-preset.js" for 127.0.0.1 at 2022-08-20 11:17:17 +0700
Started GET "/api-docs/favicon-32x32.png" for 127.0.0.1 at 2022-08-20 11:17:17 +0700
Started GET "/api-docs/v1/swagger.yaml" for 127.0.0.1 at 2022-08-20 11:17:17 +0700
Started GET "/api-docs/favicon-32x32.png" for 127.0.0.1 at 2022-08-20 11:17:17 +0700
  [1m[36mActiveRecord::InternalMetadata Pluck (4.9ms)[0m  [1m[34mSELECT "ar_internal_metadata"."value" FROM "ar_internal_metadata" WHERE "ar_internal_metadata"."key" = $1 LIMIT $2[0m  [["key", "schema_sha1"], ["LIMIT", 1]]
  [1m[36mActiveRecord::SchemaMigration Pluck (5.1ms)[0m  [1m[34mSELECT "schema_migrations"."version" FROM "schema_migrations" ORDER BY "schema_migrations"."version" ASC[0m
  [1m[36mActiveRecord::InternalMetadata Pluck (3.1ms)[0m  [1m[34mSELECT "ar_internal_metadata"."value" FROM "ar_internal_metadata" WHERE "ar_internal_metadata"."key" = $1 LIMIT $2[0m  [["key", "schema_sha1"], ["LIMIT", 1]]
  [1m[36mActiveRecord::SchemaMigration Pluck (3.7ms)[0m  [1m[34mSELECT "schema_migrations"."version" FROM "schema_migrations" ORDER BY "schema_migrations"."version" ASC[0m
Started GET "/api-docs/index.html" for 127.0.0.1 at 2022-08-20 11:21:37 +0700
  [1m[36mActiveRecord::SchemaMigration Pluck (4.0ms)[0m  [1m[34mSELECT "schema_migrations"."version" FROM "schema_migrations" ORDER BY "schema_migrations"."version" ASC[0m
Started GET "/api-docs/swagger-ui.css" for 127.0.0.1 at 2022-08-20 11:21:37 +0700
Started GET "/api-docs/swagger-ui-bundle.js" for 127.0.0.1 at 2022-08-20 11:21:37 +0700
Started GET "/api-docs/swagger-ui-standalone-preset.js" for 127.0.0.1 at 2022-08-20 11:21:37 +0700
Started GET "/api-docs/favicon-32x32.png" for 127.0.0.1 at 2022-08-20 11:21:38 +0700
Started GET "/api-docs/v1/swagger.yaml" for 127.0.0.1 at 2022-08-20 11:21:38 +0700
Started GET "/api-docs/favicon-32x32.png" for 127.0.0.1 at 2022-08-20 11:21:38 +0700
  [1m[36mActiveRecord::InternalMetadata Pluck (3.3ms)[0m  [1m[34mSELECT "ar_internal_metadata"."value" FROM "ar_internal_metadata" WHERE "ar_internal_metadata"."key" = $1 LIMIT $2[0m  [["key", "schema_sha1"], ["LIMIT", 1]]
  [1m[36mActiveRecord::SchemaMigration Pluck (4.3ms)[0m  [1m[34mSELECT "schema_migrations"."version" FROM "schema_migrations" ORDER BY "schema_migrations"."version" ASC[0m
Started GET "/api/v1/decode?key=nAOeRl1w2" for 127.0.0.1 at 2022-08-20 11:24:08 +0700
Processing by Api::V1::UrlsController#decode as JSON
  Parameters: {"key"=>"nAOeRl1w2", "url"=>{}}
Completed 200 OK in 1ms (Views: 0.3ms | ActiveRecord: 14.0ms | Allocations: 722)


  [1m[36mActiveRecord::InternalMetadata Pluck (2.8ms)[0m  [1m[34mSELECT "ar_internal_metadata"."value" FROM "ar_internal_metadata" WHERE "ar_internal_metadata"."key" = $1 LIMIT $2[0m  [["key", "schema_sha1"], ["LIMIT", 1]]
  [1m[36mActiveRecord::SchemaMigration Pluck (3.1ms)[0m  [1m[34mSELECT "schema_migrations"."version" FROM "schema_migrations" ORDER BY "schema_migrations"."version" ASC[0m
Started GET "/api-docs/index.html" for 127.0.0.1 at 2022-08-20 14:22:48 +0700
Started GET "/api-docs/swagger-ui.css" for 127.0.0.1 at 2022-08-20 14:22:48 +0700
Started GET "/api-docs/swagger-ui-bundle.js" for 127.0.0.1 at 2022-08-20 14:22:48 +0700
Started GET "/api-docs/swagger-ui-standalone-preset.js" for 127.0.0.1 at 2022-08-20 14:22:48 +0700
Started GET "/api-docs/favicon-32x32.png" for 127.0.0.1 at 2022-08-20 14:22:49 +0700
Started GET "/api-docs/v1/swagger.yaml" for 127.0.0.1 at 2022-08-20 14:22:49 +0700
Started GET "/api-docs/favicon-32x32.png" for 127.0.0.1 at 2022-08-20 14:22:49 +0700
  [1m[36mActiveRecord::InternalMetadata Pluck (5.5ms)[0m  [1m[34mSELECT "ar_internal_metadata"."value" FROM "ar_internal_metadata" WHERE "ar_internal_metadata"."key" = $1 LIMIT $2[0m  [["key", "schema_sha1"], ["LIMIT", 1]]
  [1m[36mActiveRecord::SchemaMigration Pluck (4.0ms)[0m  [1m[34mSELECT "schema_migrations"."version" FROM "schema_migrations" ORDER BY "schema_migrations"."version" ASC[0m
Started GET "/api-docs/index.html" for 127.0.0.1 at 2022-08-20 14:24:32 +0700
Started GET "/api-docs/swagger-ui-bundle.js" for 127.0.0.1 at 2022-08-20 14:24:32 +0700
Started GET "/api-docs/swagger-ui.css" for 127.0.0.1 at 2022-08-20 14:24:32 +0700
Started GET "/api-docs/swagger-ui-standalone-preset.js" for 127.0.0.1 at 2022-08-20 14:24:32 +0700
Started GET "/api-docs/favicon-32x32.png" for 127.0.0.1 at 2022-08-20 14:24:32 +0700
Started GET "/api-docs/v1/swagger.yaml" for 127.0.0.1 at 2022-08-20 14:24:32 +0700
Started GET "/api-docs/favicon-32x32.png" for 127.0.0.1 at 2022-08-20 14:24:32 +0700
Started GET "/api-docs/index.html" for 127.0.0.1 at 2022-08-20 14:25:16 +0700
Started GET "/api-docs/swagger-ui-bundle.js" for 127.0.0.1 at 2022-08-20 14:25:16 +0700
Started GET "/api-docs/swagger-ui.css" for 127.0.0.1 at 2022-08-20 14:25:16 +0700
Started GET "/api-docs/swagger-ui-standalone-preset.js" for 127.0.0.1 at 2022-08-20 14:25:16 +0700
Started GET "/api-docs/favicon-32x32.png" for 127.0.0.1 at 2022-08-20 14:25:16 +0700
Started GET "/api-docs/v1/swagger.yaml" for 127.0.0.1 at 2022-08-20 14:25:16 +0700
Started GET "/api-docs/favicon-32x32.png" for 127.0.0.1 at 2022-08-20 14:25:16 +0700
Started GET "/api-docs/index.html" for 127.0.0.1 at 2022-08-20 14:26:28 +0700
Started GET "/api-docs/swagger-ui.css" for 127.0.0.1 at 2022-08-20 14:26:28 +0700
Started GET "/api-docs/swagger-ui-bundle.js" for 127.0.0.1 at 2022-08-20 14:26:29 +0700
Started GET "/api-docs/swagger-ui-standalone-preset.js" for 127.0.0.1 at 2022-08-20 14:26:29 +0700
Started GET "/api-docs/favicon-32x32.png" for 127.0.0.1 at 2022-08-20 14:26:29 +0700
Started GET "/api-docs/v1/swagger.yaml" for 127.0.0.1 at 2022-08-20 14:26:29 +0700
Started GET "/api-docs/favicon-32x32.png" for 127.0.0.1 at 2022-08-20 14:26:29 +0700
Started GET "/api-docs/index.html" for 127.0.0.1 at 2022-08-20 14:27:12 +0700
Started GET "/api-docs/swagger-ui.css" for 127.0.0.1 at 2022-08-20 14:27:13 +0700
Started GET "/api-docs/swagger-ui-bundle.js" for 127.0.0.1 at 2022-08-20 14:27:13 +0700
Started GET "/api-docs/swagger-ui-standalone-preset.js" for 127.0.0.1 at 2022-08-20 14:27:13 +0700
Started GET "/api-docs/favicon-32x32.png" for 127.0.0.1 at 2022-08-20 14:27:13 +0700
Started GET "/api-docs/v1/swagger.yaml" for 127.0.0.1 at 2022-08-20 14:27:13 +0700
Started GET "/api-docs/favicon-32x32.png" for 127.0.0.1 at 2022-08-20 14:27:13 +0700
Started GET "/api-docs/index.html" for 127.0.0.1 at 2022-08-20 14:29:16 +0700
  [1m[36mActiveRecord::SchemaMigration Pluck (4.0ms)[0m  [1m[34mSELECT "schema_migrations"."version" FROM "schema_migrations" ORDER BY "schema_migrations"."version" ASC[0m
Started GET "/api-docs/swagger-ui.css" for 127.0.0.1 at 2022-08-20 14:29:17 +0700
Started GET "/api-docs/swagger-ui-bundle.js" for 127.0.0.1 at 2022-08-20 14:29:17 +0700
Started GET "/api-docs/swagger-ui-standalone-preset.js" for 127.0.0.1 at 2022-08-20 14:29:17 +0700
Started GET "/api-docs/favicon-32x32.png" for 127.0.0.1 at 2022-08-20 14:29:17 +0700
Started GET "/api-docs/v1/swagger.yaml" for 127.0.0.1 at 2022-08-20 14:29:17 +0700
Started GET "/api-docs/favicon-32x32.png" for 127.0.0.1 at 2022-08-20 14:29:17 +0700
Started GET "/api-docs/index.html" for 127.0.0.1 at 2022-08-20 14:41:28 +0700
Started GET "/api-docs/swagger-ui.css" for 127.0.0.1 at 2022-08-20 14:41:28 +0700
Started GET "/api-docs/swagger-ui-bundle.js" for 127.0.0.1 at 2022-08-20 14:41:28 +0700
Started GET "/api-docs/swagger-ui-standalone-preset.js" for 127.0.0.1 at 2022-08-20 14:41:28 +0700
Started GET "/api-docs/favicon-32x32.png" for 127.0.0.1 at 2022-08-20 14:41:29 +0700
Started GET "/api-docs/v1/swagger.yaml" for 127.0.0.1 at 2022-08-20 14:41:29 +0700
Started GET "/api-docs/favicon-32x32.png" for 127.0.0.1 at 2022-08-20 14:41:29 +0700
  [1m[36mActiveRecord::InternalMetadata Load (1.7ms)[0m  [1m[34mSELECT "ar_internal_metadata".* FROM "ar_internal_metadata" WHERE "ar_internal_metadata"."key" = $1 LIMIT $2[0m  [["key", "environment"], ["LIMIT", 1]]
  [1m[35m (0.6ms)[0m  [1m[34mSELECT pg_try_advisory_lock(3205495034311691940)[0m
  [1m[36mActiveRecord::SchemaMigration Pluck (2.2ms)[0m  [1m[34mSELECT "schema_migrations"."version" FROM "schema_migrations" ORDER BY "schema_migrations"."version" ASC[0m
  [1m[36mActiveRecord::InternalMetadata Load (1.3ms)[0m  [1m[34mSELECT "ar_internal_metadata".* FROM "ar_internal_metadata" WHERE "ar_internal_metadata"."key" = $1 LIMIT $2[0m  [["key", "environment"], ["LIMIT", 1]]
  [1m[35m (0.9ms)[0m  [1m[34mSELECT pg_advisory_unlock(3205495034311691940)[0m
  [1m[36mActiveRecord::SchemaMigration Pluck (2.0ms)[0m  [1m[34mSELECT "schema_migrations"."version" FROM "schema_migrations" ORDER BY "schema_migrations"."version" ASC[0m
  [1m[36mActiveRecord::SchemaMigration Pluck (1.8ms)[0m  [1m[34mSELECT "schema_migrations"."version" FROM "schema_migrations" ORDER BY "schema_migrations"."version" ASC[0m
Started GET "/api-docs/index.html" for 172.22.0.1 at 2022-08-20 07:50:31 +0000
Started GET "/api-docs/index.html" for 172.22.0.1 at 2022-08-20 07:50:31 +0000
  [1m[36mActiveRecord::SchemaMigration Pluck (2.0ms)[0m  [1m[34mSELECT "schema_migrations"."version" FROM "schema_migrations" ORDER BY "schema_migrations"."version" ASC[0m
Started GET "/api-docs/index.html" for 172.22.0.1 at 2022-08-20 07:50:31 +0000
Started GET "/api-docs/swagger-ui.css" for 172.22.0.1 at 2022-08-20 07:50:31 +0000
Started GET "/api-docs/swagger-ui-standalone-preset.js" for 172.22.0.1 at 2022-08-20 07:50:31 +0000
Started GET "/api-docs/swagger-ui-bundle.js" for 172.22.0.1 at 2022-08-20 07:50:31 +0000
Started GET "/api-docs/favicon-32x32.png" for 172.22.0.1 at 2022-08-20 07:50:32 +0000
Started GET "/api-docs/v1/swagger.yaml" for 172.22.0.1 at 2022-08-20 07:50:32 +0000
Started GET "/api-docs/favicon-32x32.png" for 172.22.0.1 at 2022-08-20 07:50:32 +0000
Started POST "/api/v1/encode" for 172.22.0.1 at 2022-08-20 07:50:37 +0000
Processing by Api::V1::UrlsController#encode as JSON
  Parameters: {"url"=>"https://github.com/giaunguyen2176/oivan_api"}
  [1m[36mTRANSACTION (0.5ms)[0m  [1m[35mBEGIN[0m
  ↳ app/controllers/api/v1/urls_controller.rb:5:in `encode'
  [1m[36mUrl Create (1.1ms)[0m  [1m[32mINSERT INTO "urls" ("url", "created_at", "updated_at") VALUES ($1, $2, $3) RETURNING "id"[0m  [["url", "https://github.com/giaunguyen2176/oivan_api"], ["created_at", "2022-08-20 07:50:44.542477"], ["updated_at", "2022-08-20 07:50:44.542477"]]
  ↳ app/controllers/api/v1/urls_controller.rb:5:in `encode'
  [1m[36mTRANSACTION (4.0ms)[0m  [1m[35mCOMMIT[0m
  ↳ app/controllers/api/v1/urls_controller.rb:5:in `encode'
  Rendering layout layouts/api.json.erb
  Rendering api/v1/urls/encode.json.jbuilder within layouts/api
  Rendered api/v1/urls/encode.json.jbuilder within layouts/api (Duration: 108.5ms | Allocations: 813)
  Rendered layout layouts/api.json.erb (Duration: 125.3ms | Allocations: 1162)
Completed 200 OK in 953ms (Views: 459.6ms | ActiveRecord: 21.9ms | Allocations: 10100)


Started GET "/api-docs/index.html" for 172.22.0.1 at 2022-08-20 08:00:50 +0000
Started GET "/api-docs/swagger-ui.css" for 172.22.0.1 at 2022-08-20 08:00:50 +0000
Started GET "/api-docs/swagger-ui-standalone-preset.js" for 172.22.0.1 at 2022-08-20 08:00:50 +0000
Started GET "/api-docs/swagger-ui-bundle.js" for 172.22.0.1 at 2022-08-20 08:00:50 +0000
Started GET "/api-docs/favicon-32x32.png" for 172.22.0.1 at 2022-08-20 08:00:50 +0000
Started GET "/api-docs/favicon-32x32.png" for 172.22.0.1 at 2022-08-20 08:00:50 +0000
Started GET "/api-docs/v1/swagger.yaml" for 172.22.0.1 at 2022-08-20 08:00:50 +0000
Started GET "/api/v1/decode?key=222" for 172.22.0.1 at 2022-08-20 08:01:13 +0000
Processing by Api::V1::UrlsController#decode as JSON
  Parameters: {"key"=>"222"}
Completed 200 OK in 2ms (Views: 0.4ms | Allocations: 509)


Started GET "/api/v1/decode?key=6PlG2gON" for 172.22.0.1 at 2022-08-20 08:01:50 +0000
Processing by Api::V1::UrlsController#decode as JSON
  Parameters: {"key"=>"6PlG2gON"}
  [1m[36mUrl Load (0.7ms)[0m  [1m[34mSELECT "urls".* FROM "urls" WHERE "urls"."id" = $1 LIMIT $2[0m  [["id", 1000], ["LIMIT", 1]]
  ↳ app/controllers/api/v1/urls_controller.rb:15:in `decode'
Completed 200 OK in 59ms (Views: 0.7ms | ActiveRecord: 18.0ms | Allocations: 6146)


Started GET "/api-docs/index.html" for 172.22.0.1 at 2022-08-20 08:15:33 +0000
Started GET "/api-docs/swagger-ui.css" for 172.22.0.1 at 2022-08-20 08:15:33 +0000
Started GET "/api-docs/swagger-ui-bundle.js" for 172.22.0.1 at 2022-08-20 08:15:33 +0000
Started GET "/api-docs/swagger-ui-standalone-preset.js" for 172.22.0.1 at 2022-08-20 08:15:33 +0000
Started GET "/api-docs/favicon-32x32.png" for 172.22.0.1 at 2022-08-20 08:15:33 +0000
Started GET "/api-docs/favicon-32x32.png" for 172.22.0.1 at 2022-08-20 08:15:33 +0000
Started GET "/api-docs/v1/swagger.yaml" for 172.22.0.1 at 2022-08-20 08:15:33 +0000
